# Day-011: BÃ i Táº­p - SQL Execution Flow

## ğŸ“‹ HÆ¯á»šNG DáºªN

CÃ¡c bÃ i táº­p nÃ y giÃºp báº¡n cá»§ng cá»‘ kiáº¿n thá»©c vá» SQL Execution Flow. HÃ£y suy nghÄ© ká»¹ trÆ°á»›c khi xem solutions.

---

## ğŸ¯ BÃ€I Táº¬P 1: HIá»‚U BIáº¾T CÆ  Báº¢N

### CÃ¢u 1.1: SQL Execution Flow

**CÃ¢u há»i:** HÃ£y giáº£i thÃ­ch ngáº¯n gá»n:
- SQL query Ä‘i qua nhá»¯ng bÆ°á»›c nÃ o?
- Parser lÃ m gÃ¬?
- Planner lÃ m gÃ¬?
- Executor lÃ m gÃ¬?

---

### CÃ¢u 1.2: Query Plan

**CÃ¢u há»i:**

a) Query Plan lÃ  gÃ¬?

b) Táº¡i sao Query Plan quan trá»ng?

c) LÃ m tháº¿ nÃ o xem Query Plan?

---

### CÃ¢u 1.3: Cost Estimation

**CÃ¢u há»i:**

a) Planner Æ°á»›c tÃ­nh cost dá»±a trÃªn gÃ¬?

b) Táº¡i sao cost estimation quan trá»ng?

c) Cost tháº¥p cÃ³ nghÄ©a lÃ  query nhanh khÃ´ng?

---

## ğŸ” BÃ€I Táº¬P 2: PHÃ‚N TÃCH VÃ€ Sá»¬A Lá»–I

### CÃ¢u 2.1: Query cháº­m - PhÃ¢n tÃ­ch

**TÃ¬nh huá»‘ng:**

Query cháº­m:

```sql
SELECT * FROM orders WHERE user_id = 12345;
-- Máº¥t 30 giÃ¢y
```

**EXPLAIN output:**

```
Seq Scan on orders (cost=0.00..250000.00 rows=100 width=100)
  Filter: (user_id = 12345)
Execution Time: 30000.123 ms
```

**CÃ¢u há»i:**

a) PhÃ¢n tÃ­ch váº¥n Ä‘á» tá»« EXPLAIN output.

b) Táº¡i sao query cháº­m?

c) LÃ m tháº¿ nÃ o fix?

---

### CÃ¢u 2.2: Query khÃ´ng dÃ¹ng index

**TÃ¬nh huá»‘ng:**

CÃ³ index trÃªn `email`, nhÆ°ng query khÃ´ng dÃ¹ng:

```sql
SELECT * FROM users WHERE email = 'john@example.com';
```

**EXPLAIN output:**

```
Seq Scan on users (cost=0.00..10000.00 rows=1 width=100)
  Filter: (email = 'john@example.com')
```

**CÃ¢u há»i:**

a) Táº¡i sao khÃ´ng dÃ¹ng index?

b) CÃ³ thá»ƒ force dÃ¹ng index khÃ´ng?

c) LÃ m tháº¿ nÃ o Ä‘áº£m báº£o dÃ¹ng index?

---

### CÃ¢u 2.3: Planner chá»n plan sai

**TÃ¬nh huá»‘ng:**

Planner chá»n Full Table Scan thay vÃ¬ Index Scan:

```sql
SELECT * FROM products WHERE category_id = 5;
```

**EXPLAIN output:**

```
Seq Scan on products (cost=0.00..50000.00 rows=1000 width=100)
  Filter: (category_id = 5)
```

**NhÆ°ng cÃ³ index trÃªn `category_id`!**

**CÃ¢u há»i:**

a) Táº¡i sao Planner chá»n Full Table Scan?

b) Khi nÃ o Planner chá»n Full Table Scan thay vÃ¬ Index Scan?

c) LÃ m tháº¿ nÃ o fix?

---

## ğŸ§  BÃ€I Táº¬P 3: THIáº¾T Káº¾

### CÃ¢u 3.1: Analyze Query Plan

**YÃªu cáº§u:**

Cho query:

```sql
SELECT u.name, o.total_amount
FROM users u
JOIN orders o ON u.id = o.user_id
WHERE u.email = 'john@example.com';
```

**CÃ¢u há»i:**

a) Dá»± Ä‘oÃ¡n query plan (khÃ´ng cáº§n cháº¡y EXPLAIN).

b) Cáº§n indexes gÃ¬ Ä‘á»ƒ query nhanh?

c) Viáº¿t CREATE INDEX statements.

---

### CÃ¢u 3.2: Optimize Query

**YÃªu cáº§u:**

Query hiá»‡n táº¡i:

```sql
SELECT * FROM orders
WHERE user_id = 12345
ORDER BY created_at DESC
LIMIT 10;
```

**EXPLAIN output:**

```
Seq Scan on orders (cost=0.00..250000.00 rows=100 width=100)
  Filter: (user_id = 12345)
  Sort (cost=1000.00..1000.00 rows=100 width=100)
    Sort Key: created_at DESC
    Limit (cost=0.00..0.00 rows=10)
```

**CÃ¢u há»i:**

a) PhÃ¢n tÃ­ch query plan.

b) Tá»‘i Æ°u query (indexes, query structure).

c) Viáº¿t CREATE INDEX statements.

---

### CÃ¢u 3.3: Complex Query Plan

**YÃªu cáº§u:**

Query:

```sql
SELECT p.name, COUNT(oi.id) as order_count
FROM products p
LEFT JOIN order_items oi ON p.id = oi.product_id
WHERE p.category_id = 5
GROUP BY p.id, p.name
HAVING COUNT(oi.id) > 10
ORDER BY order_count DESC;
```

**CÃ¢u há»i:**

a) Dá»± Ä‘oÃ¡n query plan.

b) Cáº§n indexes gÃ¬?

c) Viáº¿t CREATE INDEX statements.

---

## ğŸ“ BÃ€I Táº¬P 4: TÆ¯ DUY SENIOR

### CÃ¢u 4.1: Parser vs Planner vs Executor

**TÃ¬nh huá»‘ng:**

Query cháº­m, báº¡n cáº§n tÃ¬m nguyÃªn nhÃ¢n.

**CÃ¢u há»i:**

a) LÃ m tháº¿ nÃ o xÃ¡c Ä‘á»‹nh váº¥n Ä‘á» á»Ÿ Parser, Planner, hay Executor?

b) Váº¥n Ä‘á» á»Ÿ má»—i bÆ°á»›c cÃ³ triá»‡u chá»©ng gÃ¬?

c) CÃ¡ch debug tá»«ng bÆ°á»›c?

---

### CÃ¢u 4.2: Cost Estimation vÃ  Performance

**TÃ¬nh huá»‘ng:**

Planner estimate cost tháº¥p, nhÆ°ng query thá»±c táº¿ cháº­m.

**CÃ¢u há»i:**

a) Táº¡i sao cost estimate cÃ³ thá»ƒ sai?

b) Khi nÃ o cost estimate khÃ´ng chÃ­nh xÃ¡c?

c) LÃ m tháº¿ nÃ o Ä‘áº£m báº£o cost estimate Ä‘Ãºng?

---

### CÃ¢u 4.3: Query Plan Caching

**CÃ¢u há»i:**

a) Má»™t sá»‘ databases cache query plans. Lá»£i Ã­ch vÃ  rá»§i ro?

b) Khi nÃ o nÃªn invalidate plan cache?

c) Trade-offs cá»§a plan caching?

---

## ğŸ¯ BÃ€I Táº¬P 5: THá»°C HÃ€NH

### CÃ¢u 5.1: Read EXPLAIN Output

**EXPLAIN output:**

```
Nested Loop (cost=0.43..25.00 rows=10 width=100)
  -> Index Scan using idx_users_email on users (cost=0.43..8.45 rows=1 width=50)
        Index Cond: (email = 'john@example.com')
  -> Index Scan using idx_orders_user_id on orders (cost=0.00..16.55 rows=10 width=50)
        Index Cond: (user_id = users.id)
```

**YÃªu cáº§u:**

a) Giáº£i thÃ­ch query plan nÃ y.

b) Query nÃ y lÃ m gÃ¬?

c) Performance tá»‘t hay khÃ´ng? Táº¡i sao?

---

### CÃ¢u 5.2: Compare Query Plans

**Query A:**

```sql
SELECT * FROM orders WHERE user_id = 12345;
```

**Plan A:**
```
Seq Scan on orders (cost=0.00..250000.00 rows=100 width=100)
  Filter: (user_id = 12345)
```

**Query B:**

```sql
SELECT * FROM orders WHERE user_id = 12345;
-- (sau khi táº¡o index)
```

**Plan B:**
```
Index Scan using idx_orders_user_id on orders (cost=0.43..8.45 rows=100 width=100)
  Index Cond: (user_id = 12345)
```

**YÃªu cáº§u:**

a) So sÃ¡nh 2 plans vá»:
   - Cost
   - Performance
   - Execution strategy

b) Plan nÃ o tá»‘t hÆ¡n? Táº¡i sao?

---

### CÃ¢u 5.3: Debug Slow Query

**TÃ¬nh huá»‘ng:**

Query cháº­m:

```sql
SELECT u.name, COUNT(o.id) as order_count
FROM users u
LEFT JOIN orders o ON u.id = o.user_id
WHERE u.created_at > '2024-01-01'
GROUP BY u.id, u.name
HAVING COUNT(o.id) > 5;
```

**EXPLAIN output:**

```
Hash Join (cost=100000.00..200000.00 rows=1000 width=100)
  Hash Cond: (o.user_id = u.id)
  -> Seq Scan on orders (cost=0.00..100000.00 rows=1000000 width=50)
  -> Hash (cost=50000.00..50000.00 rows=100000 width=50)
        -> Seq Scan on users (cost=0.00..50000.00 rows=100000 width=50)
              Filter: (created_at > '2024-01-01')
```

**YÃªu cáº§u:**

a) PhÃ¢n tÃ­ch váº¥n Ä‘á».

b) Tá»‘i Æ°u query (indexes, query structure).

c) Viáº¿t CREATE INDEX statements.

---

## âœ… BÃ€I Táº¬P 6: Tá»° ÄÃNH GIÃ

### CÃ¢u 6.1: Kiáº¿n thá»©c cá»‘t lÃµi

HÃ£y tá»± tráº£ lá»i cÃ¡c cÃ¢u há»i sau (khÃ´ng xem láº¡i lÃ½ thuyáº¿t):

1. SQL query Ä‘i qua nhá»¯ng bÆ°á»›c nÃ o?

2. Parser lÃ m gÃ¬? Planner lÃ m gÃ¬? Executor lÃ m gÃ¬?

3. Query Plan lÃ  gÃ¬? Táº¡i sao quan trá»ng?

4. LÃ m tháº¿ nÃ o xem Query Plan?

5. Táº¡i sao query "Ä‘Æ¡n giáº£n" cÃ³ thá»ƒ cháº­m?

---

### CÃ¢u 6.2: Ãp dá»¥ng thá»±c táº¿

TÆ°á»Ÿng tÆ°á»£ng báº¡n cÃ³ query cháº­m:

```sql
SELECT * FROM products
WHERE category_id = 5
AND price BETWEEN 100 AND 500
ORDER BY created_at DESC
LIMIT 20;
```

**YÃªu cáº§u:**

a) Dá»± Ä‘oÃ¡n query plan.

b) Cáº§n indexes gÃ¬?

c) Viáº¿t CREATE INDEX statements.

---

## ğŸ¯ BÃ€I Táº¬P NÃ‚NG CAO (TÃ™Y CHá»ŒN)

### CÃ¢u A.1: Query Optimization

**CÃ¢u há»i:**

a) CÃ³ thá»ƒ force Planner chá»n plan cá»¥ thá»ƒ khÃ´ng?

b) Khi nÃ o nÃªn force plan?

c) Trade-offs cá»§a viá»‡c force plan?

---

### CÃ¢u A.2: Statistics vÃ  Planner

**CÃ¢u há»i:**

a) Statistics áº£nh hÆ°á»Ÿng Ä‘áº¿n Planner nhÆ° tháº¿ nÃ o?

b) Khi nÃ o cáº§n update statistics?

c) LÃ m tháº¿ nÃ o update statistics?

---

## ğŸ“ LÆ¯U Ã

- HÃ£y suy nghÄ© ká»¹ trÆ°á»›c khi xem solutions
- Query Plan lÃ  cÃ´ng cá»¥ quan trá»ng Ä‘á»ƒ debug vÃ  optimize
- Senior SQL Engineer hiá»ƒu execution flow vÃ  biáº¿t Ä‘á»c query plans

**Sau khi hoÃ n thÃ nh, xem `solutions.md` Ä‘á»ƒ so sÃ¡nh Ä‘Ã¡p Ã¡n!** ğŸš€

