# Day-042: EXPLAIN ANALYZE - Thá»±c táº¿ execution

## ğŸ¯ Má»¤C TIÃŠU Há»ŒC Táº¬P

Sau Day nÃ y, báº¡n sáº½ hiá»ƒu:
- EXPLAIN ANALYZE lÃ  gÃ¬?
- Actual vs Estimated rows
- Timing information
- CÃ¡ch debug vá»›i EXPLAIN ANALYZE

---

## 1ï¸âƒ£ EXPLAIN ANALYZE LÃ€ GÃŒ?

**EXPLAIN ANALYZE** thá»±c thi query vÃ  hiá»ƒn thá»‹ **actual execution statistics**:

```sql
EXPLAIN ANALYZE SELECT * FROM users WHERE email = 'john@example.com';
```

**Káº¿t quáº£:**
```
Index Scan using idx_users_email on users (cost=0.43..8.45 rows=1 width=100) (actual time=0.123..0.123 rows=1 loops=1)
  Index Cond: (email = 'john@example.com')
Execution Time: 0.123 ms
```

---

## 2ï¸âƒ£ ACTUAL VS ESTIMATED ROWS

**Estimated rows:**
- Planner estimate
- CÃ³ thá»ƒ sai

**Actual rows:**
- Thá»±c táº¿ sau khi execute
- ChÃ­nh xÃ¡c

**So sÃ¡nh:**
- Náº¿u actual >> estimated â†’ Planner estimate sai â†’ cáº§n update statistics

---

## 3ï¸âƒ£ TIMING INFORMATION

**Execution Time:**
- Thá»i gian thá»±c táº¿ execute query
- Quan trá»ng Ä‘á»ƒ Ä‘o performance

---

## 4ï¸âƒ£ PRODUCTION STORY: PLANNER ESTIMATE SAI â†’ QUERY CHáº¬M

**Context:**
Planner estimate sai â†’ chá»n plan sai â†’ query cháº­m.

**Fix:**
Update statistics â†’ Planner estimate Ä‘Ãºng â†’ chá»n plan Ä‘Ãºng â†’ query nhanh.

---

## 5ï¸âƒ£ TÃ“M Táº®T

**Key Takeaways:**
1. EXPLAIN ANALYZE: Thá»±c thi vÃ  hiá»ƒn thá»‹ statistics
2. Actual vs Estimated: So sÃ¡nh Ä‘á»ƒ phÃ¡t hiá»‡n váº¥n Ä‘á»
3. Timing: Quan trá»ng Ä‘á»ƒ Ä‘o performance
4. Debug: DÃ¹ng EXPLAIN ANALYZE Ä‘á»ƒ debug

---



**Chuáº©n bá»‹ cho [Day-043: Index-B-Tree](../Day-043-Index-B-Tree/theory.md)** ğŸš€
